[handleMsg]:  {
  key: {
    remoteJid: '50685097920@s.whatsapp.net',
    fromMe: false,
    id: '8D9483C56945601DD8346E42F482E1ED',
    participant: undefined
  },
  messageTimestamp: 1696006767,
  pushName: 'Aru',
  broadcast: false,
  message: Message {
    conversation: '0',
    messageContextInfo: MessageContextInfo {
      deviceListMetadata: [DeviceListMetadata],
      deviceListMetadataVersion: 2
    }
  },
  verifiedBizName: 'Aru',
  body: '0',
  from: '50685097920'
}
[QUEUE_SE_ENVIO]:  {
  ref: 'ans_aea9d0f9-602e-472f-956b-8043b36e9048',
  keyword: 'key_b829fd9d-cb3a-47d3-93ad-b9d75def4dce',
  answer: 'Perfecto, Me dirias tu nombre y apellido?',
  options: {
    media: null,
    buttons: [],
    capture: true,
    child: null,
    delay: 0,
    nested: [],
    keyword: {},
    callback: true
  },
  refSerialize: '275d22d9ad3f03dd3559ff17b7f83a20'
}
[handleMsg]:  {
  key: {
    remoteJid: '50685097920@s.whatsapp.net',
    fromMe: false,
    id: '4B5C996242F69C50916E6EC96984200D',
    participant: undefined
  },
  messageTimestamp: 1696006770,
  pushName: 'Aru',
  broadcast: false,
  message: Message {
    conversation: 'Ce rro',
    messageContextInfo: MessageContextInfo {
      deviceListMetadata: [DeviceListMetadata],
      deviceListMetadataVersion: 2
    }
  },
  verifiedBizName: 'Aru',
  body: 'Ce rro',
  from: '50685097920'
}
[QUEUE_SE_ENVIO]:  {
  ref: 'ans_bce55ef6-4dff-4739-9915-38d54fc0d37d',
  keyword: 'ans_aea9d0f9-602e-472f-956b-8043b36e9048',
  answer: 'En unos momentos te contactamos... Gracias!!!',
  options: {
    media: null,
    buttons: [],
    capture: false,
    child: null,
    delay: 0,
    nested: [],
    keyword: {},
    callback: false
  },
  refSerialize: '33a583c079efd51d434d5bacc77fed05'
}
[handleMsg]:  {
  key: {
    remoteJid: '50663668943@s.whatsapp.net',
    fromMe: false,
    id: '3A02CDFFAC09B8CEA498',
    participant: undefined
  },
  messageTimestamp: 1696007369,
  pushName: 'Meli🍄',
  broadcast: false,
  message: Message {
    conversation: 'Nosotros podemos hacer del año que queramos',
    messageContextInfo: MessageContextInfo {
      deviceListMetadata: [DeviceListMetadata],
      deviceListMetadataVersion: 2
    }
  },
  body: 'Nosotros podemos hacer del año que queramos',
  from: '50663668943'
}
[handleMsg]:  {
  key: {
    remoteJid: '50663668943@s.whatsapp.net',
    fromMe: false,
    id: '3A05E62D8B56A0846AD7',
    participant: undefined
  },
  messageTimestamp: 1696007372,
  pushName: 'Meli🍄',
  broadcast: false,
  message: Message {
    stickerMessage: StickerMessage {
      url: 'https://mmg.whatsapp.net/v/t62.15575-24/35092731_276783688602841_7105277233848426143_n.enc?ccb=11-4&oh=01_AdRdXpR4ayaP5QQlt8rqPJofFfyxawMvbpSDvPqVbz4sHQ&oe=653E6096&_nc_sid=000000&mms3=true',
      fileSha256: [Uint8Array],
      fileEncSha256: [Uint8Array],
      mediaKey: [Uint8Array],
      mimetype: 'image/webp',
      directPath: '/v/t62.15575-24/35092731_276783688602841_7105277233848426143_n.enc?ccb=11-4&oh=01_AdRdXpR4ayaP5QQlt8rqPJofFfyxawMvbpSDvPqVbz4sHQ&oe=653E6096&_nc_sid=000000',
      fileLength: [Long],
      mediaKeyTimestamp: [Long],
      isAnimated: false,
      stickerSentTs: [Long],
      isAvatar: false
    },
    messageContextInfo: MessageContextInfo {
      deviceListMetadata: [DeviceListMetadata],
      deviceListMetadataVersion: 2
    }
  },
  body: '',
  from: '50663668943'
}
